2022-12-17 15:33:12 INFO  Main:23 - 20
2022-12-17 15:33:12 INFO  Military:10 - This military vehicle is Tank
2022-12-17 15:33:12 INFO  Truck:10 - Truck is slow!
2022-12-17 15:33:55 INFO  Main:23 - 20
2022-12-17 15:33:55 INFO  Military:10 - This military vehicle is Tank
2022-12-17 15:33:55 INFO  Truck:10 - Truck is slow!
2022-12-17 22:11:11 INFO  Main:23 - 20
2022-12-17 22:11:11 INFO  Military:10 - This military vehicle is Tank
2022-12-17 22:11:11 INFO  Truck:10 - Truck is slow!
2022-12-17 22:34:42 INFO  ManualTest:25 - Extremely fast
2022-12-17 22:34:42 INFO  Main:23 - 20
2022-12-17 22:34:42 INFO  Military:10 - This military vehicle is Tank
2022-12-17 22:34:42 INFO  Truck:10 - Truck is slow!
2022-12-19 19:35:51 INFO  ManualTest:10 - Too slow
2022-12-19 19:35:51 INFO  Main:23 - 20
2022-12-19 19:35:51 INFO  Military:10 - This military vehicle is Tank
2022-12-19 19:35:51 INFO  Truck:10 - Truck is slow!
2022-12-19 20:49:38 INFO  ManualTest:10 - Too slow
2022-12-19 20:49:38 INFO  Main:22 - 20
2022-12-19 20:49:38 INFO  Military:10 - This military vehicle is Tank
2022-12-19 20:49:38 INFO  Truck:10 - Truck is slow!
2022-12-19 20:49:57 INFO  ManualTest:10 - Too slow
2022-12-19 20:49:57 INFO  Main:22 - 20
2022-12-19 20:49:57 INFO  Military:10 - This military vehicle is Tank
2022-12-19 20:49:57 INFO  Truck:10 - Truck is slow!
2022-12-19 20:50:36 INFO  ManualTest:10 - Too slow
2022-12-19 20:50:36 INFO  Main:22 - 20
2022-12-19 20:50:36 INFO  Military:10 - This military vehicle is Tank
2022-12-19 20:50:36 INFO  Truck:10 - Truck is slow!
2022-12-19 20:59:09 INFO  ManualTest:10 - Too slow
2022-12-19 20:59:09 INFO  Main:22 - 20
2022-12-19 20:59:09 INFO  Military:10 - This military vehicle is Tank
2022-12-19 20:59:09 INFO  Truck:10 - Truck is slow!
2022-12-21 21:31:31 INFO  Main:21 - 20
2022-12-21 21:31:31 INFO  Military:9 - This military vehicle is Tank
2022-12-21 21:31:31 INFO  Truck:9 - Truck is slow!
2022-12-21 21:31:31 INFO  vehicle:100 - Too slow!
2022-12-21 21:59:59 INFO  Main:24 - 20
2022-12-21 21:59:59 INFO  Military:9 - This military vehicle is Tank
2022-12-21 21:59:59 INFO  Truck:9 - Truck is slow!
2022-12-21 21:59:59 INFO  vehicle:100 - Too slow!
2022-12-21 22:01:15 INFO  Main:24 - 20
2022-12-21 22:01:15 INFO  Military:9 - This military vehicle is Tank
2022-12-21 22:01:15 INFO  Truck:9 - Truck is slow!
2022-12-21 22:01:15 INFO  vehicle:100 - Too slow!
2022-12-21 22:23:11 INFO  Main:24 - 20
2022-12-21 22:23:11 INFO  Military:9 - This military vehicle is Tank
2022-12-21 22:23:11 INFO  Truck:9 - Truck is slow!
2022-12-21 22:23:11 INFO  vehicle:100 - Too slow!
2022-12-21 22:34:22 INFO  Car_license:13 - Category D
2022-12-21 22:34:22 INFO  Main:25 - 20
2022-12-21 22:34:22 INFO  Military:9 - This military vehicle is Tank
2022-12-21 22:34:22 INFO  Truck:9 - Truck is slow!
2022-12-21 22:34:22 INFO  vehicle:100 - Too slow!
2022-12-21 22:36:00 INFO  Car_license:13 - You can drive Bus and Minibus
2022-12-21 22:36:00 INFO  Main:25 - 20
2022-12-21 22:36:00 INFO  Military:9 - This military vehicle is Tank
2022-12-21 22:36:00 INFO  Truck:9 - Truck is slow!
2022-12-21 22:36:00 INFO  vehicle:100 - Too slow!
2022-12-21 22:59:09 INFO  Car_license:14 - You can drive Bus and Minibus
2022-12-21 22:59:09 INFO  vehicle:100 - Too slow!
2022-12-21 22:59:09 INFO  Main:40 - 20
2022-12-21 22:59:09 INFO  Military:9 - This military vehicle is Tank
2022-12-21 22:59:09 INFO  Truck:9 - Truck is slow!
2022-12-21 22:59:49 INFO  Car_license:14 - You can drive Bus and Minibus
2022-12-21 22:59:49 INFO  vehicle:100 - Too slow!
2022-12-21 22:59:49 INFO  Main:40 - 20
2022-12-21 22:59:49 INFO  Military:9 - This military vehicle is Tank
2022-12-21 22:59:49 INFO  Truck:9 - Truck is slow!
2022-12-21 23:01:13 INFO  Car_license:14 - You can drive Bus and Minibus
2022-12-21 23:01:13 INFO  vehicle:100 - Too slow!
2022-12-21 23:01:13 INFO  Main:38 - 20
2022-12-21 23:01:13 INFO  Military:9 - This military vehicle is Tank
2022-12-21 23:01:13 INFO  Truck:9 - Truck is slow!
2022-12-21 23:02:21 INFO  Car_license:14 - You can drive Bus and Minibus
2022-12-21 23:02:21 INFO  vehicle:100 - Too slow!
2022-12-21 23:02:21 INFO  Main:37 - 20
2022-12-21 23:02:21 INFO  Military:9 - This military vehicle is Tank
2022-12-21 23:02:21 INFO  Truck:9 - Truck is slow!
2022-12-21 23:02:48 INFO  Car_license:14 - You can drive Bus and Minibus
2022-12-21 23:02:48 INFO  vehicle:100 - Too slow!
2022-12-21 23:02:48 INFO  Main:38 - 20
2022-12-21 23:02:48 INFO  Military:9 - This military vehicle is Tank
2022-12-21 23:02:48 INFO  Truck:9 - Truck is slow!
2022-12-21 23:03:02 INFO  Car_license:14 - You can drive Bus and Minibus
2022-12-21 23:03:02 INFO  vehicle:100 - Too slow!
2022-12-21 23:03:02 INFO  Main:38 - 20
2022-12-21 23:03:02 INFO  Military:9 - This military vehicle is Tank
2022-12-21 23:03:02 INFO  Truck:9 - Truck is slow!
2022-12-21 23:04:28 INFO  Car_license:14 - You can drive Bus and Minibus
2022-12-21 23:04:28 INFO  vehicle:100 - Too slow!
2022-12-21 23:04:28 INFO  Main:38 - 20
2022-12-21 23:04:28 INFO  Military:9 - This military vehicle is Tank
2022-12-21 23:04:28 INFO  Truck:9 - Truck is slow!
2022-12-21 23:04:56 INFO  Car_license:14 - You can drive Bus and Minibus
2022-12-21 23:04:56 INFO  vehicle:100 - Too slow!
2022-12-21 23:04:56 INFO  Main:38 - 20
2022-12-21 23:04:56 INFO  Military:9 - This military vehicle is Tank
2022-12-21 23:04:56 INFO  Truck:9 - Truck is slow!
2022-12-21 23:05:20 INFO  Car_license:14 - You can drive Bus and Minibus
2022-12-21 23:05:20 INFO  vehicle:100 - Too slow!
2022-12-21 23:05:20 INFO  Main:38 - 20
2022-12-21 23:05:20 INFO  Military:9 - This military vehicle is Tank
2022-12-21 23:05:20 INFO  Truck:9 - Truck is slow!
2022-12-21 23:11:13 INFO  Car_license:14 - You can drive Bus and Minibus
2022-12-21 23:11:13 INFO  vehicle:100 - Too slow!
2022-12-21 23:11:13 INFO  Main:38 - 20
2022-12-21 23:11:13 INFO  Military:9 - This military vehicle is Tank
2022-12-21 23:11:13 INFO  Truck:9 - Truck is slow!
2022-12-22 01:02:49 INFO  Car_license:14 - You can drive Bus and Minibus
2022-12-22 01:02:49 INFO  vehicle:100 - Too slow!
2022-12-22 01:02:49 INFO  Main:40 - 20
2022-12-22 01:02:49 INFO  Military:9 - This military vehicle is Tank
2022-12-22 01:02:49 INFO  Truck:9 - Truck is slow!
2022-12-22 01:03:22 INFO  Car_license:14 - You can drive Bus and Minibus
2022-12-22 01:03:22 INFO  vehicle:100 - Too slow!
2022-12-22 01:03:22 INFO  Main:41 - 20
2022-12-22 01:03:22 INFO  Military:9 - This military vehicle is Tank
2022-12-22 01:03:22 INFO  Truck:9 - Truck is slow!
2022-12-22 01:07:18 INFO  Car_license:14 - You can drive Bus and Minibus
2022-12-22 01:07:18 INFO  vehicle:100 - Too slow!
2022-12-22 01:07:18 INFO  Main:46 - 20
2022-12-22 01:07:18 INFO  Military:9 - This military vehicle is Tank
2022-12-22 01:07:18 INFO  Truck:9 - Truck is slow!
2022-12-22 01:11:38 INFO  Car_license:14 - You can drive Bus and Minibus
2022-12-22 01:11:38 INFO  vehicle:100 - Too slow!
2022-12-22 01:11:38 INFO  Main:46 - 20
2022-12-22 01:11:38 INFO  Military:9 - This military vehicle is Tank
2022-12-22 01:11:38 INFO  Truck:9 - Truck is slow!
2022-12-22 01:12:21 INFO  Car_license:14 - You can drive Bus and Minibus
2022-12-22 01:12:21 INFO  vehicle:100 - Too slow!
2022-12-22 01:12:21 INFO  Main:47 - 20
2022-12-22 01:12:21 INFO  Military:9 - This military vehicle is Tank
2022-12-22 01:12:21 INFO  Truck:9 - Truck is slow!
2022-12-22 01:15:13 INFO  Car_license:14 - You can drive Bus and Minibus
2022-12-22 01:15:13 INFO  vehicle:100 - Too slow!
2022-12-22 01:15:13 INFO  Main:51 - 20
2022-12-22 01:15:13 INFO  Military:9 - This military vehicle is Tank
2022-12-22 01:15:13 INFO  Truck:9 - Truck is slow!
2022-12-22 01:20:43 INFO  Car_license:14 - You can drive Bus and Minibus
2022-12-22 01:20:43 INFO  vehicle:100 - Too slow!
2022-12-22 01:20:43 INFO  Main:49 - 20
2022-12-22 01:20:43 INFO  Military:9 - This military vehicle is Tank
2022-12-22 01:20:43 INFO  Truck:9 - Truck is slow!
2022-12-22 01:21:07 INFO  Car_license:14 - You can drive Bus and Minibus
2022-12-22 01:21:07 INFO  vehicle:100 - Too slow!
2022-12-22 01:21:07 INFO  Main:49 - 20
2022-12-22 01:21:07 INFO  Military:9 - This military vehicle is Tank
2022-12-22 01:21:07 INFO  Truck:9 - Truck is slow!
2022-12-22 01:22:28 INFO  Car_license:14 - You can drive Bus and Minibus
2022-12-22 01:22:28 INFO  vehicle:100 - Too slow!
2022-12-22 01:22:28 INFO  Main:49 - 20
2022-12-22 01:22:28 INFO  Military:9 - This military vehicle is Tank
2022-12-22 01:22:28 INFO  Truck:9 - Truck is slow!
2022-12-22 01:24:50 INFO  Car_license:14 - You can drive Bus and Minibus
2022-12-22 01:24:50 INFO  vehicle:100 - Too slow!
2022-12-22 01:24:50 INFO  Main:45 - 20
2022-12-22 01:24:50 INFO  Military:9 - This military vehicle is Tank
2022-12-22 01:24:50 INFO  Truck:9 - Truck is slow!
2022-12-22 02:01:30 INFO  Car_license:14 - You can drive Bus and Minibus
2022-12-22 02:01:30 INFO  vehicle:100 - Too slow!
2022-12-22 02:01:30 INFO  Main:44 - 20
2022-12-22 02:01:30 INFO  Military:9 - This military vehicle is Tank
2022-12-22 02:01:30 INFO  Truck:9 - Truck is slow!
2022-12-22 02:01:43 INFO  Car_license:14 - You can drive Bus and Minibus
2022-12-22 02:01:43 INFO  vehicle:100 - Too slow!
2022-12-22 02:01:43 INFO  Main:45 - 20
2022-12-22 02:01:43 INFO  Military:9 - This military vehicle is Tank
2022-12-22 02:01:43 INFO  Truck:9 - Truck is slow!
2022-12-23 22:09:10 INFO  Car_license:14 - You can drive Bus and Minibus
2022-12-23 22:09:10 INFO  vehicle:100 - Too slow!
2022-12-23 22:09:10 INFO  Main:34 - 20
2022-12-23 22:09:10 INFO  Military:9 - This military vehicle is Tank
2022-12-23 22:09:10 INFO  Truck:9 - Truck is slow!
2022-12-23 22:09:17 INFO  Car_license:14 - You can drive Bus and Minibus
2022-12-23 22:09:17 INFO  vehicle:100 - Too slow!
2022-12-23 22:09:17 INFO  Main:34 - 20
2022-12-23 22:09:17 INFO  Military:9 - This military vehicle is Tank
2022-12-23 22:09:17 INFO  Truck:9 - Truck is slow!
2022-12-23 22:46:29 INFO  Car_license:14 - You can drive Bus and Minibus
2022-12-23 22:46:29 INFO  vehicle:100 - Too slow!
2022-12-23 22:46:29 INFO  Main:35 - 20
2022-12-23 22:46:29 INFO  Military:9 - This military vehicle is Tank
2022-12-23 22:46:29 INFO  Truck:9 - Truck is slow!
2022-12-23 22:48:33 INFO  Car_license:14 - You can drive Bus and Minibus
2022-12-23 22:48:33 INFO  vehicle:100 - Too slow!
2022-12-23 22:48:33 INFO  Main:35 - 20
2022-12-23 22:48:33 INFO  Military:9 - This military vehicle is Tank
2022-12-23 22:48:33 INFO  Truck:9 - Truck is slow!
2022-12-23 22:51:45 INFO  Car_license:14 - You can drive Bus and Minibus
2022-12-23 22:51:45 INFO  vehicle:100 - Too slow!
2022-12-23 22:51:45 INFO  Main:35 - 20
2022-12-23 22:51:45 INFO  Military:9 - This military vehicle is Tank
2022-12-23 22:51:45 INFO  Truck:9 - Truck is slow!
2022-12-23 22:51:45 INFO  ExceptionForAge:12 - OK!
2022-12-23 23:19:05 INFO  Car_License:14 - You can drive Bus and Minibus
2022-12-23 23:19:05 INFO  vehicle:100 - Too slow!
2022-12-23 23:19:05 INFO  Truck:9 - Truck is slow!
2022-12-23 23:19:05 INFO  ExceptionForAge:12 - You can take license!
2022-12-23 23:55:21 INFO  Car_License:14 - You can drive Bus and Minibus
2022-12-23 23:55:21 INFO  vehicle:100 - Too slow!
2022-12-23 23:55:21 INFO  Truck:9 - Truck is slow!
2022-12-23 23:55:21 INFO  ExceptionForAge:12 - You can take license!
2022-12-23 23:55:50 INFO  Car_License:14 - You can drive Bus and Minibus
2022-12-23 23:55:50 INFO  vehicle:100 - Too slow!
2022-12-23 23:55:50 INFO  Truck:9 - Truck is slow!
2022-12-23 23:55:50 INFO  ExceptionForAge:12 - You can take license!
2022-12-23 23:56:51 INFO  Car_License:14 - You can drive Bus and Minibus
2022-12-23 23:56:51 INFO  vehicle:100 - Too slow!
2022-12-23 23:56:51 INFO  Truck:9 - Truck is slow!
2022-12-23 23:56:51 INFO  ExceptionForAge:12 - You can take license!
2022-12-24 00:04:37 INFO  Car_License:14 - You can drive Bus and Minibus
2022-12-24 00:04:37 INFO  vehicle:100 - Too slow!
2022-12-24 00:04:37 INFO  Truck:9 - Truck is slow!
2022-12-24 00:04:37 INFO  ExceptionForAge:12 - You can take license!
2022-12-24 00:04:37 INFO  Main:59 - this car is extremely fast
2022-12-24 00:49:47 INFO  Car_License:14 - You can drive Bus and Minibus
2022-12-24 00:49:47 INFO  vehicle:100 - Too slow!
2022-12-24 00:49:47 INFO  Truck:9 - Truck is slow!
2022-12-24 00:49:47 INFO  ExceptionForAge:12 - You can take license!
2022-12-24 00:49:47 INFO  Main:59 - this car is extremely fast
2022-12-24 01:49:16 INFO  Car_License:14 - You can drive Bus and Minibus
2022-12-24 01:49:16 INFO  vehicle:100 - Too slow!
2022-12-24 01:49:16 INFO  Truck:9 - Truck is slow!
2022-12-24 01:49:16 INFO  Exceptionforage:12 - You can take license!
2022-12-24 01:49:16 INFO  Main:56 - this car is extremely fast
2022-12-24 01:49:16 INFO  Main:59 - this is example with parameterbumshaklaka
2022-12-24 02:54:29 INFO  Car_License:14 - You can drive Bus and Minibus
2022-12-24 02:54:29 INFO  vehicle:100 - Too slow!
2022-12-24 02:54:29 INFO  Truck:9 - Truck is slow!
2022-12-24 02:54:29 INFO  ExceptionForAge:12 - You can take license!
2022-12-24 02:54:29 INFO  Main:56 - this car is extremely fast
2022-12-24 02:54:29 INFO  Main:59 - This is example with parameter bumshaklaka
2022-12-25 00:45:12 INFO  Car_License:14 - You can drive Bus and Minibus
2022-12-25 00:45:12 INFO  Vehicle:100 - Too slow!
2022-12-25 00:45:12 INFO  Truck:9 - Truck is slow!
2022-12-25 00:45:12 INFO  ExceptionForAge:12 - You can take license!
2022-12-25 00:45:12 INFO  Main:57 - this car is extremely fast
2022-12-25 00:45:12 INFO  Main:60 - This is example with parameter bumshaklaka
2022-12-25 00:55:16 INFO  Car_License:14 - You can drive Bus and Minibus
2022-12-25 00:55:16 INFO  Vehicle:103 - Too slow!
2022-12-25 00:55:16 INFO  Truck:9 - Truck is slow!
2022-12-25 00:55:16 INFO  ExceptionForAge:12 - You can take license!
2022-12-25 00:55:16 INFO  Main:59 - this car is extremely fast
2022-12-25 00:55:16 INFO  Main:62 - This is example with parameter bumshaklaka
2022-12-25 02:44:34 INFO  Car_License:14 - You can drive Bus and Minibus
2022-12-25 02:44:34 INFO  Vehicle:103 - Too slow!
2022-12-25 02:44:34 INFO  Truck:9 - Truck is slow!
2022-12-25 02:44:34 INFO  ExceptionForAge:12 - You can take license!
2022-12-25 02:44:34 INFO  ExceptionForAge:22 - This was costume exception!
2022-12-25 02:44:34 INFO  Main:59 - this car is extremely fast
2022-12-25 02:44:34 INFO  Main:62 - This is example with parameter bumshaklaka
2022-12-28 21:36:57 INFO  CarLicense:14 - You can drive Bus and Minibus
2022-12-28 21:36:57 INFO  Vehicle:103 - Too slow!
2022-12-28 21:36:57 INFO  Truck:9 - Truck is slow!
2022-12-28 21:36:57 INFO  ExceptionForAge:12 - You can take license!
2022-12-28 21:36:57 INFO  ExceptionForAge:22 - This was costume exception!
2022-12-28 21:36:57 INFO  Main:59 - this car is extremely fast
2022-12-28 21:36:57 INFO  Main:62 - This is example with parameter bumshaklaka
2022-12-29 21:28:32 INFO  CarLicense:14 - You can drive Bus and Minibus
2022-12-29 21:28:32 INFO  Vehicle:103 - Too slow!
2022-12-29 21:28:32 INFO  Truck:9 - Truck is slow!
2022-12-29 21:28:32 INFO  ExceptionForAge:12 - You can take license!
2022-12-29 21:28:32 INFO  ExceptionForAge:22 - This was costume exception!
2022-12-29 21:28:32 INFO  Main:59 - this car is extremely fast
2022-12-29 21:28:32 INFO  Main:62 - This is example with parameter bumshaklaka
2022-12-30 23:50:55 INFO  CarLicense:14 - You can drive Bus and Minibus
2022-12-30 23:50:55 INFO  Vehicle:103 - Too slow!
2022-12-30 23:50:55 INFO  Truck:9 - Truck is slow!
2022-12-30 23:50:55 INFO  ExceptionForAge:12 - You can take license!
2022-12-30 23:50:55 INFO  ExceptionForAge:22 - This was costume exception!
2022-12-30 23:50:55 INFO  Main:59 - this car is extremely fast
2022-12-30 23:50:55 INFO  Main:62 - This is example with parameter bumshaklaka
2022-12-31 18:13:41 INFO  CarLicense:14 - You can drive Bus and Minibus
2022-12-31 18:13:41 INFO  Vehicle:103 - Too slow!
2022-12-31 18:13:41 INFO  Truck:9 - Truck is slow!
2022-12-31 18:13:41 INFO  ExceptionForAge:12 - You can take license!
2022-12-31 18:13:41 INFO  ExceptionForAge:22 - This was costume exception!
2022-12-31 18:13:41 INFO  Main:59 - this car is extremely fast
2022-12-31 18:13:41 INFO  Main:62 - This is example with parameter bumshaklaka
2022-12-31 18:19:23 INFO  Main:1511 - Person{name:Alina Smithage:33gender:FEMALE
2022-12-31 18:19:23 INFO  Main:1511 - Person{name:Helen Whiteage:57gender:FEMALE
2022-12-31 18:19:23 INFO  Main:1511 - Person{name:Anna Cookage:7gender:FEMALE
2022-12-31 18:19:23 INFO  Main:1511 - Person{name:Zelda Brownage:120gender:FEMALE
2022-12-31 18:20:16 INFO  Main:1511 - Person{name:Alina Smithage:33gender:FEMALE
2022-12-31 18:20:17 INFO  Main:1511 - Person{name:Helen Whiteage:57gender:FEMALE
2022-12-31 18:20:17 INFO  Main:1511 - Person{name:Anna Cookage:7gender:FEMALE
2022-12-31 18:20:17 INFO  Main:1511 - Person{name:Zelda Brownage:120gender:FEMALE
2022-12-31 18:20:17 INFO  Main:178 - Zelda Brown
2023-01-01 23:05:18 INFO  Main:1511 - Person{name:Alina Smithage:33gender:FEMALE
2023-01-01 23:05:18 INFO  Main:1511 - Person{name:Helen Whiteage:57gender:FEMALE
2023-01-01 23:05:18 INFO  Main:1511 - Person{name:Anna Cookage:7gender:FEMALE
2023-01-01 23:05:18 INFO  Main:1511 - Person{name:Zelda Brownage:120gender:FEMALE
2023-01-01 23:05:18 INFO  Main:178 - Zelda Brown
2023-01-01 23:06:26 INFO  Main:1511 - Person{name:Alina Smithage:33gender:FEMALE
2023-01-01 23:06:26 INFO  Main:1511 - Person{name:Helen Whiteage:57gender:FEMALE
2023-01-01 23:06:26 INFO  Main:1511 - Person{name:Anna Cookage:7gender:FEMALE
2023-01-01 23:06:26 INFO  Main:1511 - Person{name:Zelda Brownage:120gender:FEMALE
2023-01-01 23:06:26 INFO  Main:178 - Zelda Brown
2023-01-02 01:16:16 INFO  Task2:11 - Thread #2: 0
2023-01-02 01:16:16 INFO  Task1:11 - Thread #1: 1
2023-01-02 01:16:16 INFO  Task1:11 - Thread #1: 2
2023-01-02 01:16:16 INFO  Task2:17 - #1 Thread finish! 
2023-01-02 01:16:16 INFO  Task2:11 - Thread #2: 1
2023-01-02 01:16:16 INFO  Task1:11 - Thread #1: 3
2023-01-02 01:16:16 INFO  Task1:11 - Thread #1: 4
2023-01-02 01:16:16 INFO  Task2:17 - #1 Thread finish! 
2023-01-02 01:16:16 INFO  Task2:11 - Thread #2: 2
2023-01-02 01:16:16 INFO  Task1:11 - Thread #1: 5
2023-01-02 01:16:16 INFO  Task1:11 - Thread #1: 6
2023-01-02 01:16:17 INFO  Task2:17 - #1 Thread finish! 
2023-01-02 01:16:17 INFO  Task2:11 - Thread #2: 3
2023-01-02 01:16:17 INFO  Task1:11 - Thread #1: 7
2023-01-02 01:16:17 INFO  Task1:11 - Thread #1: 8
2023-01-02 01:16:17 INFO  Task2:17 - #1 Thread finish! 
2023-01-02 01:16:17 INFO  Task2:11 - Thread #2: 4
2023-01-02 01:16:17 INFO  Task1:11 - Thread #1: 9
2023-01-02 01:16:17 INFO  Task1:11 - Thread #1: 10
2023-01-02 01:16:17 INFO  Task2:17 - #1 Thread finish! 
2023-01-02 01:16:17 INFO  Task2:11 - Thread #2: 5
2023-01-02 01:16:17 INFO  Task2:17 - #1 Thread finish! 
2023-01-02 01:16:17 INFO  Task2:11 - Thread #2: 6
2023-01-02 01:16:17 INFO  Task2:17 - #1 Thread finish! 
2023-01-02 01:16:17 INFO  Task2:11 - Thread #2: 7
2023-01-02 01:16:18 INFO  Task2:17 - #1 Thread finish! 
2023-01-02 01:16:18 INFO  Task2:11 - Thread #2: 8
2023-01-02 01:16:18 INFO  Task2:17 - #1 Thread finish! 
2023-01-02 01:16:18 INFO  Task2:11 - Thread #2: 9
2023-01-02 01:16:18 INFO  Task2:17 - #1 Thread finish! 
2023-01-02 01:16:18 INFO  Task2:11 - Thread #2: 10
2023-01-02 01:16:18 INFO  Task2:17 - #1 Thread finish! 
2023-01-02 01:17:29 INFO  Task1:11 - Thread #1: 1
2023-01-02 01:17:29 INFO  Task2:11 - Thread #2: 0
2023-01-02 01:17:29 INFO  Task1:17 - Thread #1 finished! 
2023-01-02 01:17:29 INFO  Task1:11 - Thread #1: 2
2023-01-02 01:17:29 INFO  Task1:17 - Thread #1 finished! 
2023-01-02 01:17:29 INFO  Task2:17 - Thread #2 finished! 
2023-01-02 01:17:29 INFO  Task1:11 - Thread #1: 3
2023-01-02 01:17:29 INFO  Task2:11 - Thread #2: 1
2023-01-02 01:17:29 INFO  Task1:17 - Thread #1 finished! 
2023-01-02 01:17:29 INFO  Task1:11 - Thread #1: 4
2023-01-02 01:17:30 INFO  Task2:17 - Thread #2 finished! 
2023-01-02 01:17:30 INFO  Task2:11 - Thread #2: 2
2023-01-02 01:17:30 INFO  Task1:17 - Thread #1 finished! 
2023-01-02 01:17:30 INFO  Task1:11 - Thread #1: 5
2023-01-02 01:17:30 INFO  Task1:17 - Thread #1 finished! 
2023-01-02 01:17:30 INFO  Task1:11 - Thread #1: 6
2023-01-02 01:17:30 INFO  Task2:17 - Thread #2 finished! 
2023-01-02 01:17:30 INFO  Task2:11 - Thread #2: 3
2023-01-02 01:17:30 INFO  Task1:17 - Thread #1 finished! 
2023-01-02 01:17:30 INFO  Task1:11 - Thread #1: 7
2023-01-02 01:17:30 INFO  Task1:17 - Thread #1 finished! 
2023-01-02 01:17:30 INFO  Task1:11 - Thread #1: 8
2023-01-02 01:17:30 INFO  Task2:17 - Thread #2 finished! 
2023-01-02 01:17:30 INFO  Task2:11 - Thread #2: 4
2023-01-02 01:17:30 INFO  Task1:17 - Thread #1 finished! 
2023-01-02 01:17:30 INFO  Task1:11 - Thread #1: 9
2023-01-02 01:17:30 INFO  Task1:17 - Thread #1 finished! 
2023-01-02 01:17:30 INFO  Task1:11 - Thread #1: 10
2023-01-02 01:17:30 INFO  Task2:17 - Thread #2 finished! 
2023-01-02 01:17:30 INFO  Task2:11 - Thread #2: 5
2023-01-02 01:17:30 INFO  Task1:17 - Thread #1 finished! 
2023-01-02 01:17:30 INFO  Task2:17 - Thread #2 finished! 
2023-01-02 01:17:30 INFO  Task2:11 - Thread #2: 6
2023-01-02 01:17:31 INFO  Task2:17 - Thread #2 finished! 
2023-01-02 01:17:31 INFO  Task2:11 - Thread #2: 7
2023-01-02 01:17:31 INFO  Task2:17 - Thread #2 finished! 
2023-01-02 01:17:31 INFO  Task2:11 - Thread #2: 8
2023-01-02 01:17:31 INFO  Task2:17 - Thread #2 finished! 
2023-01-02 01:17:31 INFO  Task2:11 - Thread #2: 9
2023-01-02 01:17:31 INFO  Task2:17 - Thread #2 finished! 
2023-01-02 01:17:31 INFO  Task2:11 - Thread #2: 10
2023-01-02 01:17:31 INFO  Task2:17 - Thread #2 finished! 
2023-01-02 01:18:08 INFO  Task2:11 - Thread #2: 0
2023-01-02 01:18:08 INFO  Task1:11 - Thread #1: 1
2023-01-02 01:18:08 INFO  Task1:11 - Thread #1: 2
2023-01-02 01:18:08 INFO  Task1:11 - Thread #1: 3
2023-01-02 01:18:08 INFO  Task2:11 - Thread #2: 1
2023-01-02 01:18:08 INFO  Task1:11 - Thread #1: 4
2023-01-02 01:18:09 INFO  Task1:11 - Thread #1: 5
2023-01-02 01:18:09 INFO  Task2:11 - Thread #2: 2
2023-01-02 01:18:09 INFO  Task1:11 - Thread #1: 6
2023-01-02 01:18:09 INFO  Task1:11 - Thread #1: 7
2023-01-02 01:18:09 INFO  Task2:11 - Thread #2: 3
2023-01-02 01:18:09 INFO  Task1:11 - Thread #1: 8
2023-01-02 01:18:09 INFO  Task2:11 - Thread #2: 4
2023-01-02 01:18:09 INFO  Task1:11 - Thread #1: 9
2023-01-02 01:18:09 INFO  Task1:11 - Thread #1: 10
2023-01-02 01:18:09 INFO  Task2:11 - Thread #2: 5
2023-01-02 01:18:09 INFO  Task1:18 - Thread #1 finished! 
2023-01-02 01:18:09 INFO  Task2:11 - Thread #2: 6
2023-01-02 01:18:10 INFO  Task2:11 - Thread #2: 7
2023-01-02 01:18:10 INFO  Task2:11 - Thread #2: 8
2023-01-02 01:18:10 INFO  Task2:11 - Thread #2: 9
2023-01-02 01:18:10 INFO  Task2:11 - Thread #2: 10
2023-01-02 01:18:10 INFO  Task2:18 - Thread #2 finished! 
2023-01-02 01:18:30 INFO  Task2:11 - Thread #2: 0
2023-01-02 01:18:30 INFO  Task1:11 - Thread #1: 1
2023-01-02 01:18:31 INFO  Task2:11 - Thread #2: 1
2023-01-02 01:18:31 INFO  Task1:11 - Thread #1: 2
2023-01-02 01:18:32 INFO  Task1:11 - Thread #1: 3
2023-01-02 01:18:32 INFO  Task2:11 - Thread #2: 2
2023-01-02 01:18:33 INFO  Task1:11 - Thread #1: 4
2023-01-02 01:18:33 INFO  Task2:11 - Thread #2: 3
2023-01-02 01:18:34 INFO  Task1:11 - Thread #1: 5
2023-01-02 01:18:34 INFO  Task2:11 - Thread #2: 4
2023-01-02 01:18:35 INFO  Task1:11 - Thread #1: 6
2023-01-02 01:18:35 INFO  Task2:11 - Thread #2: 5
2023-01-02 01:18:36 INFO  Task1:11 - Thread #1: 7
2023-01-02 01:18:36 INFO  Task2:11 - Thread #2: 6
2023-01-02 01:18:37 INFO  Task1:11 - Thread #1: 8
2023-01-02 01:18:37 INFO  Task2:11 - Thread #2: 7
2023-01-02 01:18:38 INFO  Task1:11 - Thread #1: 9
2023-01-02 01:18:38 INFO  Task2:11 - Thread #2: 8
2023-01-02 01:18:39 INFO  Task1:11 - Thread #1: 10
2023-01-02 01:18:39 INFO  Task2:11 - Thread #2: 9
2023-01-02 01:18:40 INFO  Task1:18 - Thread #1 finished! 
2023-01-02 01:18:40 INFO  Task2:11 - Thread #2: 10
2023-01-02 01:18:41 INFO  Task2:18 - Thread #2 finished! 
2023-01-04 02:11:11 INFO  Task1:11 - Thread #1: 1
2023-01-04 02:11:11 INFO  Task2:11 - Thread #2: 0
2023-01-04 02:11:12 INFO  Task2:11 - Thread #2: 1
2023-01-04 02:11:12 INFO  Task1:11 - Thread #1: 2
2023-01-04 02:11:13 INFO  Task2:11 - Thread #2: 2
2023-01-04 02:11:13 INFO  Task1:11 - Thread #1: 3
2023-01-04 02:11:14 INFO  Task1:11 - Thread #1: 4
2023-01-04 02:11:14 INFO  Task2:11 - Thread #2: 3
2023-01-04 02:11:15 INFO  Task1:11 - Thread #1: 5
2023-01-04 02:11:15 INFO  Task2:11 - Thread #2: 4
2023-01-04 02:11:16 INFO  Task1:11 - Thread #1: 6
2023-01-04 02:11:16 INFO  Task2:11 - Thread #2: 5
2023-01-04 02:11:17 INFO  Task1:11 - Thread #1: 7
2023-01-04 02:11:17 INFO  Task2:11 - Thread #2: 6
2023-01-04 02:11:18 INFO  Task1:11 - Thread #1: 8
2023-01-04 02:11:18 INFO  Task2:11 - Thread #2: 7
2023-01-04 02:11:19 INFO  Task1:11 - Thread #1: 9
2023-01-04 02:11:19 INFO  Task2:11 - Thread #2: 8
2023-01-04 02:11:20 INFO  Task1:11 - Thread #1: 10
2023-01-04 02:11:20 INFO  Task2:11 - Thread #2: 9
2023-01-04 02:11:21 INFO  Task1:18 - Thread #1 finished! 
2023-01-04 02:11:21 INFO  Task2:11 - Thread #2: 10
2023-01-04 02:11:22 INFO  Task2:18 - Thread #2 finished! 
2023-01-04 02:11:26 INFO  CarLicense:14 - You can drive Bus and Minibus
2023-01-04 02:11:26 INFO  Vehicle:103 - Too slow!
2023-01-04 02:11:26 INFO  Truck:9 - Truck is slow!
2023-01-04 02:11:26 INFO  ExceptionForAge:12 - You can take license!
2023-01-04 02:11:26 INFO  ExceptionForAge:22 - This was costume exception!
2023-01-04 02:11:26 INFO  Main:63 - this car is extremely fast
2023-01-04 02:11:26 INFO  Main:66 - This is example with parameter bumshaklaka
2023-01-04 02:12:23 INFO  CarLicense:14 - You can drive Bus and Minibus
2023-01-04 02:12:23 INFO  Vehicle:103 - Too slow!
2023-01-04 02:12:23 INFO  Truck:9 - Truck is slow!
2023-01-04 02:12:23 INFO  ExceptionForAge:12 - You can take license!
2023-01-04 02:12:23 INFO  ExceptionForAge:22 - This was costume exception!
2023-01-04 02:12:23 INFO  Main:63 - this car is extremely fast
2023-01-04 02:12:23 INFO  Main:66 - This is example with parameter bumshaklaka
2023-01-04 02:12:57 INFO  CarLicense:14 - You can drive Bus and Minibus
2023-01-04 02:12:57 INFO  Vehicle:103 - Too slow!
2023-01-04 02:12:57 INFO  Truck:9 - Truck is slow!
2023-01-04 02:12:57 INFO  ExceptionForAge:12 - You can take license!
2023-01-04 02:12:57 INFO  ExceptionForAge:22 - This was costume exception!
2023-01-04 02:12:57 INFO  Main:63 - this car is extremely fast
2023-01-04 02:12:57 INFO  Main:66 - This is example with parameter bumshaklaka
2023-01-04 02:15:04 INFO  CarLicense:14 - You can drive Bus and Minibus
2023-01-04 02:15:04 INFO  Vehicle:103 - Too slow!
2023-01-04 02:15:04 INFO  Truck:9 - Truck is slow!
2023-01-04 02:15:04 INFO  ExceptionForAge:12 - You can take license!
2023-01-04 02:15:04 INFO  ExceptionForAge:22 - This was costume exception!
2023-01-04 02:15:04 INFO  Main:63 - this car is extremely fast
2023-01-04 02:15:04 INFO  Main:66 - This is example with parameter bumshaklaka
2023-01-04 02:15:32 INFO  CarLicense:14 - You can drive Bus and Minibus
2023-01-04 02:15:32 INFO  Vehicle:103 - Too slow!
2023-01-04 02:15:32 INFO  Truck:9 - Truck is slow!
2023-01-04 02:15:32 INFO  ExceptionForAge:12 - You can take license!
2023-01-04 02:15:32 INFO  ExceptionForAge:22 - This was costume exception!
2023-01-04 02:15:32 INFO  Main:63 - this car is extremely fast
2023-01-04 02:15:32 INFO  Main:66 - This is example with parameter bumshaklaka
2023-01-04 02:15:32 INFO  Main:1511 - model:BMW year:2022
2023-01-04 21:17:16 INFO  CarLicense:14 - You can drive Bus and Minibus
2023-01-04 21:17:16 INFO  Vehicle:103 - Too slow!
2023-01-04 21:17:16 INFO  Truck:9 - Truck is slow!
2023-01-04 21:17:16 INFO  ExceptionForAge:12 - You can take license!
2023-01-04 21:17:16 INFO  ExceptionForAge:22 - This was costume exception!
2023-01-04 21:17:16 INFO  Main:64 - this car is extremely fast
2023-01-04 21:17:16 INFO  Main:67 - This is example with parameter bumshaklaka
2023-01-04 21:17:16 INFO  Main:1511 - model:BMW year:2022
2023-01-04 21:17:16 INFO  Main:1511 - model:TOYOTA year:1990
2023-01-04 21:17:16 INFO  Main:1511 - model:JEEP year:1999
2023-01-04 21:17:16 INFO  Main:1511 - model:MERCEDES year:2012
2023-01-04 21:17:16 INFO  Main:1511 - model:NISSAN year:2021
2023-01-04 21:17:16 INFO  Main:1511 - model:BMW year:2022
2023-01-05 18:15:49 INFO  CarLicense:14 - You can drive Bus and Minibus
2023-01-05 18:15:49 INFO  Vehicle:103 - Too slow!
2023-01-05 18:15:49 INFO  Truck:9 - Truck is slow!
2023-01-05 18:15:49 INFO  ExceptionForAge:12 - You can take license!
2023-01-05 18:15:49 INFO  ExceptionForAge:22 - This was costume exception!
2023-01-05 18:15:49 INFO  Main:64 - this car is extremely fast
2023-01-05 18:15:49 INFO  Main:67 - This is example with parameter bumshaklaka
2023-01-05 18:15:49 INFO  Main:1511 - model:BMW year:2022
2023-01-05 18:15:49 INFO  Main:1511 - model:TOYOTA year:1990
2023-01-05 18:15:49 INFO  Main:1511 - model:JEEP year:1999
2023-01-05 18:15:49 INFO  Main:1511 - model:MERCEDES year:2012
2023-01-05 18:15:49 INFO  Main:1511 - model:NISSAN year:2021
2023-01-05 18:15:49 INFO  Main:1511 - model:BMW year:2022
2023-01-09 20:26:08 INFO  CarLicense:14 - You can drive Bus and Minibus
2023-01-09 20:26:08 INFO  Vehicle:103 - Too slow!
2023-01-09 20:26:08 INFO  Truck:9 - Truck is slow!
2023-01-09 20:26:08 INFO  ExceptionForAge:12 - You can take license!
2023-01-09 20:26:08 INFO  ExceptionForAge:22 - This was costume exception!
2023-01-09 20:26:08 INFO  Main:64 - this car is extremely fast
2023-01-09 20:26:08 INFO  Main:67 - This is example with parameter bumshaklaka
2023-01-09 20:26:08 INFO  Main:1511 - model:BMW year:2022
2023-01-09 20:26:08 INFO  Main:1511 - model:TOYOTA year:1990
2023-01-09 20:26:08 INFO  Main:1511 - model:JEEP year:1999
2023-01-09 20:26:08 INFO  Main:1511 - model:MERCEDES year:2012
2023-01-09 20:26:08 INFO  Main:1511 - model:NISSAN year:2021
2023-01-09 20:26:08 INFO  Main:1511 - model:BMW year:2022
2023-01-09 20:26:19 INFO  CarLicense:14 - You can drive Bus and Minibus
2023-01-09 20:26:19 INFO  Vehicle:103 - Too slow!
2023-01-09 20:26:19 INFO  Truck:9 - Truck is slow!
2023-01-09 20:26:19 INFO  ExceptionForAge:12 - You can take license!
2023-01-09 20:26:19 INFO  ExceptionForAge:22 - This was costume exception!
2023-01-09 20:26:19 INFO  Main:64 - this car is extremely fast
2023-01-09 20:26:19 INFO  Main:67 - This is example with parameter bumshaklaka
2023-01-09 20:26:19 INFO  Main:1511 - model:BMW year:2022
2023-01-09 20:26:19 INFO  Main:1511 - model:TOYOTA year:1990
2023-01-09 20:26:19 INFO  Main:1511 - model:JEEP year:1999
2023-01-09 20:26:19 INFO  Main:1511 - model:MERCEDES year:2012
2023-01-09 20:26:19 INFO  Main:1511 - model:NISSAN year:2021
2023-01-09 20:26:19 INFO  Main:1511 - model:BMW year:2022
2023-01-09 20:33:38 INFO  CarLicense:14 - You can drive Bus and Minibus
2023-01-09 20:33:38 INFO  Vehicle:103 - Too slow!
2023-01-09 20:33:38 INFO  Truck:9 - Truck is slow!
2023-01-09 20:33:38 INFO  ExceptionForAge:12 - You can take license!
2023-01-09 20:33:38 INFO  ExceptionForAge:22 - This was costume exception!
2023-01-09 20:33:38 INFO  Main:64 - this car is extremely fast
2023-01-09 20:33:38 INFO  Main:67 - This is example with parameter bumshaklaka
2023-01-09 20:33:38 INFO  Main:1511 - model:BMW year:2022
2023-01-09 20:33:38 INFO  Main:1511 - model:TOYOTA year:1990
2023-01-09 20:33:38 INFO  Main:1511 - model:JEEP year:1999
2023-01-09 20:33:39 INFO  Main:1511 - model:MERCEDES year:2012
2023-01-09 20:33:39 INFO  Main:1511 - model:NISSAN year:2021
2023-01-09 20:33:39 INFO  Main:1511 - model:BMW year:2022
2023-01-09 20:33:48 INFO  CarLicense:14 - You can drive Bus and Minibus
2023-01-09 20:33:48 INFO  Vehicle:103 - Too slow!
2023-01-09 20:33:48 INFO  Truck:9 - Truck is slow!
2023-01-09 20:33:48 INFO  ExceptionForAge:12 - You can take license!
2023-01-09 20:33:48 INFO  ExceptionForAge:22 - This was costume exception!
2023-01-09 20:33:48 INFO  Main:64 - this car is extremely fast
2023-01-09 20:33:48 INFO  Main:67 - This is example with parameter bumshaklaka
2023-01-09 20:33:48 INFO  Main:1511 - model:BMW year:2022
2023-01-09 20:33:48 INFO  Main:1511 - model:TOYOTA year:1990
2023-01-09 20:33:48 INFO  Main:1511 - model:JEEP year:1999
2023-01-09 20:33:48 INFO  Main:1511 - model:MERCEDES year:2012
2023-01-09 20:33:48 INFO  Main:1511 - model:NISSAN year:2021
2023-01-09 20:33:48 INFO  Main:1511 - model:BMW year:2022
2023-01-09 22:34:59 INFO  CarLicense:14 - You can drive Bus and Minibus
2023-01-09 22:34:59 INFO  Vehicle:104 - Too slow!
2023-01-09 22:34:59 INFO  Truck:9 - Truck is slow!
2023-01-09 22:34:59 INFO  ExceptionForAge:12 - You can take license!
2023-01-09 22:34:59 INFO  ExceptionForAge:22 - This was costume exception!
2023-01-09 22:34:59 INFO  Main:64 - this car is extremely fast
2023-01-09 22:34:59 INFO  Main:67 - This is example with parameter bumshaklaka
2023-01-09 22:34:59 INFO  Main:1511 - model:BMW year:2022
2023-01-09 22:35:00 INFO  Main:1511 - model:TOYOTA year:1990
2023-01-09 22:35:00 INFO  Main:1511 - model:JEEP year:1999
2023-01-09 22:35:00 INFO  Main:1511 - model:MERCEDES year:2012
2023-01-09 22:35:00 INFO  Main:1511 - model:NISSAN year:2021
2023-01-09 22:35:00 INFO  Main:1511 - model:BMW year:2022
2023-01-10 12:40:06 INFO  Task2:11 - Thread #2: 0
2023-01-10 12:40:06 INFO  Task1:11 - Thread #1: 1
2023-01-10 12:40:07 INFO  Task2:11 - Thread #2: 1
2023-01-10 12:40:07 INFO  Task1:11 - Thread #1: 2
2023-01-10 12:40:08 INFO  Task1:11 - Thread #1: 3
2023-01-10 12:40:08 INFO  Task2:11 - Thread #2: 2
2023-01-10 12:40:09 INFO  Task1:11 - Thread #1: 4
2023-01-10 12:40:09 INFO  Task2:11 - Thread #2: 3
2023-01-10 12:40:10 INFO  Task1:11 - Thread #1: 5
2023-01-10 12:40:10 INFO  Task2:11 - Thread #2: 4
2023-01-10 12:40:11 INFO  Task2:11 - Thread #2: 5
2023-01-10 12:40:11 INFO  Task1:11 - Thread #1: 6
2023-01-10 12:40:12 INFO  Task2:11 - Thread #2: 6
2023-01-10 12:40:12 INFO  Task1:11 - Thread #1: 7
2023-01-10 12:40:13 INFO  Task2:11 - Thread #2: 7
2023-01-10 12:40:13 INFO  Task1:11 - Thread #1: 8
2023-01-10 12:40:14 INFO  Task2:11 - Thread #2: 8
2023-01-10 12:40:14 INFO  Task1:11 - Thread #1: 9
2023-01-10 12:40:15 INFO  Task2:11 - Thread #2: 9
2023-01-10 12:40:15 INFO  Task1:11 - Thread #1: 10
2023-01-10 12:40:16 INFO  Task2:11 - Thread #2: 10
2023-01-10 12:40:16 INFO  Task1:18 - Thread #1 finished! 
2023-01-10 12:40:17 INFO  Task2:18 - Thread #2 finished! 
2023-01-10 13:16:18 INFO  ExceptionForModel:12 - Invalid name!!!!
2023-01-10 13:16:18 INFO  CarLicense:14 - You can drive Bus and Minibus
2023-01-10 13:16:18 INFO  Vehicle:104 - Too slow!
2023-01-10 13:16:18 INFO  Truck:9 - Truck is slow!
2023-01-10 13:16:18 INFO  ExceptionForAge:12 - You can take license!
2023-01-10 13:16:18 INFO  ExceptionForAge:22 - This was costume exception!
2023-01-10 13:16:18 INFO  Main:69 - this car is extremely fast
2023-01-10 13:16:18 INFO  Main:72 - This is example with parameter bumshaklaka
2023-01-10 13:16:18 INFO  Main:1511 - model:BMW year:2022
2023-01-10 13:16:18 INFO  Main:1511 - model:TOYOTA year:1990
2023-01-10 13:16:18 INFO  Main:1511 - model:JEEP year:1999
2023-01-10 13:16:18 INFO  Main:1511 - model:MERCEDES year:2012
2023-01-10 13:16:18 INFO  Main:1511 - model:NISSAN year:2021
2023-01-10 13:16:18 INFO  Main:1511 - model:BMW year:2022
2023-01-10 13:18:30 INFO  ExceptionForModel:20 - this is not car!
2023-01-10 13:18:30 INFO  CarLicense:14 - You can drive Bus and Minibus
2023-01-10 13:18:30 INFO  Vehicle:104 - Too slow!
2023-01-10 13:18:30 INFO  Truck:9 - Truck is slow!
2023-01-10 13:18:30 INFO  ExceptionForAge:12 - You can take license!
2023-01-10 13:18:30 INFO  ExceptionForAge:22 - This was costume exception!
2023-01-10 13:18:30 INFO  Main:69 - this car is extremely fast
2023-01-10 13:18:30 INFO  Main:72 - This is example with parameter bumshaklaka
2023-01-10 13:18:30 INFO  Main:1511 - model:BMW year:2022
2023-01-10 13:18:30 INFO  Main:1511 - model:TOYOTA year:1990
2023-01-10 13:18:30 INFO  Main:1511 - model:JEEP year:1999
2023-01-10 13:18:30 INFO  Main:1511 - model:MERCEDES year:2012
2023-01-10 13:18:30 INFO  Main:1511 - model:NISSAN year:2021
2023-01-10 13:18:30 INFO  Main:1511 - model:BMW year:2022
2023-01-10 13:42:24 INFO  ExceptionForModel:12 - you are right!!!!
2023-01-10 13:42:24 INFO  CarLicense:14 - You can drive Bus and Minibus
2023-01-10 13:42:24 INFO  Vehicle:104 - Too slow!
2023-01-10 13:42:24 INFO  Truck:9 - Truck is slow!
2023-01-10 13:42:24 INFO  ExceptionForAge:12 - You can take license!
2023-01-10 13:42:24 INFO  ExceptionForAge:22 - This was costume exception!
2023-01-10 13:42:24 INFO  Main:69 - this car is extremely fast
2023-01-10 13:42:24 INFO  Main:72 - This is example with parameter bumshaklaka
2023-01-10 13:42:24 INFO  Main:1511 - model:BMW year:2022
2023-01-10 13:42:24 INFO  Main:1511 - model:TOYOTA year:1990
2023-01-10 13:42:24 INFO  Main:1511 - model:JEEP year:1999
2023-01-10 13:42:24 INFO  Main:1511 - model:MERCEDES year:2012
2023-01-10 13:42:24 INFO  Main:1511 - model:NISSAN year:2021
2023-01-10 13:42:24 INFO  Main:1511 - model:BMW year:2022
2023-01-10 13:53:06 INFO  CarLicense:14 - You can drive Bus and Minibus
2023-01-10 13:53:06 INFO  Vehicle:104 - Too slow!
2023-01-10 13:53:06 INFO  Truck:9 - Truck is slow!
2023-01-10 13:53:06 INFO  ExceptionForAge:12 - You can take license!
2023-01-10 13:53:06 INFO  ExceptionForAge:22 - This was costume exception!
2023-01-10 13:53:06 INFO  Main:67 - this car is extremely fast
2023-01-10 13:53:06 INFO  Main:70 - This is example with parameter bumshaklaka
2023-01-10 13:53:06 INFO  Main:1511 - model:BMW year:2022
2023-01-10 13:53:06 INFO  Main:1511 - model:TOYOTA year:1990
2023-01-10 13:53:06 INFO  Main:1511 - model:JEEP year:1999
2023-01-10 13:53:06 INFO  Main:1511 - model:MERCEDES year:2012
2023-01-10 13:53:06 INFO  Main:1511 - model:NISSAN year:2021
2023-01-10 13:53:06 INFO  Main:1511 - model:BMW year:2022
2023-01-10 13:53:06 INFO  Main:1511 - model:NISSAN year:2021
2023-01-10 13:53:27 INFO  CarLicense:14 - You can drive Bus and Minibus
2023-01-10 13:53:27 INFO  Vehicle:104 - Too slow!
2023-01-10 13:53:27 INFO  Truck:9 - Truck is slow!
2023-01-10 13:53:27 INFO  ExceptionForAge:12 - You can take license!
2023-01-10 13:53:27 INFO  ExceptionForAge:22 - This was costume exception!
2023-01-10 13:53:27 INFO  Main:67 - this car is extremely fast
2023-01-10 13:53:27 INFO  Main:70 - This is example with parameter bumshaklaka
2023-01-10 13:53:27 INFO  Main:1511 - model:NISSAN year:2021
2023-01-10 13:53:52 INFO  CarLicense:14 - You can drive Bus and Minibus
2023-01-10 13:53:52 INFO  Vehicle:104 - Too slow!
2023-01-10 13:53:52 INFO  Truck:9 - Truck is slow!
2023-01-10 13:53:52 INFO  ExceptionForAge:12 - You can take license!
2023-01-10 13:53:52 INFO  ExceptionForAge:22 - This was costume exception!
2023-01-10 13:53:52 INFO  Main:67 - this car is extremely fast
2023-01-10 13:53:52 INFO  Main:70 - This is example with parameter bumshaklaka
2023-01-10 13:53:52 INFO  Main:1511 - model:BMW year:2022
2023-01-10 13:53:52 INFO  Main:1511 - model:TOYOTA year:1990
2023-01-10 13:53:52 INFO  Main:1511 - model:JEEP year:1999
2023-01-10 13:53:52 INFO  Main:1511 - model:MERCEDES year:2012
2023-01-10 13:53:52 INFO  Main:1511 - model:NISSAN year:2021
2023-01-10 13:53:52 INFO  Main:1511 - model:BMW year:2022
2023-01-10 13:53:52 INFO  Main:1511 - model:NISSAN year:2021
2023-01-10 14:10:05 INFO  CarLicense:14 - You can drive Bus and Minibus
2023-01-10 14:10:05 INFO  Vehicle:103 - Too slow!
2023-01-10 14:10:05 INFO  Truck:9 - Truck is slow!
2023-01-10 14:10:05 INFO  ExceptionForAge:12 - You can take license!
2023-01-10 14:10:05 INFO  ExceptionForAge:22 - This was costume exception!
2023-01-10 14:10:05 INFO  Main:66 - this car is extremely fast
2023-01-10 14:10:05 INFO  Main:69 - This is example with parameter bumshaklaka
2023-01-10 14:10:05 INFO  Main:1511 - model:BMW year:2022
2023-01-10 14:10:05 INFO  Main:1511 - model:TOYOTA year:1990
2023-01-10 14:10:05 INFO  Main:1511 - model:JEEP year:1999
2023-01-10 14:10:05 INFO  Main:1511 - model:MERCEDES year:2012
2023-01-10 14:10:05 INFO  Main:1511 - model:NISSAN year:2021
2023-01-10 14:10:05 INFO  Main:1511 - model:BMW year:2022
2023-01-10 14:10:05 INFO  Main:1511 - model:NISSAN year:2021
2023-01-10 14:11:24 INFO  CarLicense:14 - You can drive Bus and Minibus
2023-01-10 14:11:24 INFO  Vehicle:103 - Too slow!
2023-01-10 14:11:24 INFO  Truck:9 - Truck is slow!
2023-01-10 14:11:24 INFO  ExceptionForAge:12 - You can take license!
2023-01-10 14:11:24 INFO  ExceptionForAge:22 - This was costume exception!
2023-01-10 14:11:24 INFO  Main:66 - this car is extremely fast
2023-01-10 14:11:24 INFO  Main:69 - This is example with parameter bumshaklaka
2023-01-10 14:11:24 INFO  Main:1511 - model:BMW year:2022
2023-01-10 14:11:24 INFO  Main:1511 - model:TOYOTA year:1990
2023-01-10 14:11:24 INFO  Main:1511 - model:JEEP year:1999
2023-01-10 14:11:24 INFO  Main:1511 - model:MERCEDES year:2012
2023-01-10 14:11:24 INFO  Main:1511 - model:NISSAN year:2021
2023-01-10 14:11:24 INFO  Main:1511 - model:BMW year:2022
2023-01-10 14:11:24 INFO  Main:1511 - model:NISSAN year:2021
2023-01-10 14:11:53 INFO  Main:1511 - Person{name:Alina Smithage:33gender:FEMALE
2023-01-10 14:11:53 INFO  Main:1511 - Person{name:Helen Whiteage:57gender:FEMALE
2023-01-10 14:11:53 INFO  Main:1511 - Person{name:Anna Cookage:7gender:FEMALE
2023-01-10 14:11:53 INFO  Main:1511 - Person{name:Zelda Brownage:120gender:FEMALE
2023-01-10 14:11:53 INFO  Main:178 - Zelda Brown
2023-01-10 14:12:28 INFO  Task1:11 - Thread #1: 1
2023-01-10 14:12:28 INFO  Task2:11 - Thread #2: 0
2023-01-10 14:12:29 INFO  Task2:11 - Thread #2: 1
2023-01-10 14:12:29 INFO  Task1:11 - Thread #1: 2
2023-01-10 14:12:30 INFO  Task1:11 - Thread #1: 3
2023-01-10 14:12:30 INFO  Task2:11 - Thread #2: 2
2023-01-10 14:12:31 INFO  Task1:11 - Thread #1: 4
2023-01-10 14:12:31 INFO  Task2:11 - Thread #2: 3
2023-01-10 14:12:32 INFO  Task1:11 - Thread #1: 5
2023-01-10 14:12:32 INFO  Task2:11 - Thread #2: 4
2023-01-10 14:12:33 INFO  Task1:11 - Thread #1: 6
2023-01-10 14:12:33 INFO  Task2:11 - Thread #2: 5
2023-01-10 14:12:34 INFO  Task2:11 - Thread #2: 6
2023-01-10 14:12:34 INFO  Task1:11 - Thread #1: 7
2023-01-10 14:12:35 INFO  Task1:11 - Thread #1: 8
2023-01-10 14:12:35 INFO  Task2:11 - Thread #2: 7
2023-01-10 14:12:36 INFO  Task1:11 - Thread #1: 9
2023-01-10 14:12:36 INFO  Task2:11 - Thread #2: 8
2023-01-10 14:12:37 INFO  Task1:11 - Thread #1: 10
2023-01-10 14:12:37 INFO  Task2:11 - Thread #2: 9
2023-01-10 14:12:38 INFO  Task1:18 - Thread #1 finished! 
2023-01-10 14:12:38 INFO  Task2:11 - Thread #2: 10
2023-01-10 14:12:39 INFO  Task2:18 - Thread #2 finished! 
2023-01-10 14:22:15 INFO  Task1:11 - Thread #1: 1
2023-01-10 14:22:15 INFO  Task2:11 - Thread #2: 0
2023-01-10 14:22:16 INFO  Task2:11 - Thread #2: 1
2023-01-10 14:22:16 INFO  Task1:11 - Thread #1: 2
2023-01-10 14:22:17 INFO  Task2:11 - Thread #2: 2
2023-01-10 14:22:17 INFO  Task1:11 - Thread #1: 3
2023-01-10 14:22:18 INFO  Task2:11 - Thread #2: 3
2023-01-10 14:22:18 INFO  Task1:11 - Thread #1: 4
2023-01-10 14:22:19 INFO  Task2:11 - Thread #2: 4
2023-01-10 14:22:19 INFO  Task1:11 - Thread #1: 5
2023-01-10 14:22:20 INFO  Task2:11 - Thread #2: 5
2023-01-10 14:22:20 INFO  Task1:11 - Thread #1: 6
2023-01-10 14:22:20 INFO  CarLicense:14 - You can drive Bus and Minibus
2023-01-10 14:22:21 INFO  Vehicle:103 - Too slow!
2023-01-10 14:22:21 INFO  Truck:9 - Truck is slow!
2023-01-10 14:22:21 INFO  ExceptionForAge:12 - You can take license!
2023-01-10 14:22:21 INFO  ExceptionForAge:22 - This was costume exception!
2023-01-10 14:22:21 INFO  Main:67 - This is example with parameter bumshaklaka
2023-01-10 14:22:21 INFO  Main:70 - hello!
2023-01-10 14:22:21 INFO  Main:73 - this car is extremely fast
2023-01-10 14:22:21 INFO  Main:1511 - model:BMW year:2022
2023-01-10 14:22:21 INFO  Main:1511 - model:TOYOTA year:1990
2023-01-10 14:22:21 INFO  Main:1511 - model:JEEP year:1999
2023-01-10 14:22:21 INFO  Main:1511 - model:MERCEDES year:2012
2023-01-10 14:22:21 INFO  Main:1511 - model:NISSAN year:2021
2023-01-10 14:22:21 INFO  Main:1511 - model:BMW year:2022
2023-01-10 14:22:21 INFO  Main:1511 - model:NISSAN year:2021
2023-01-10 14:22:21 INFO  Task2:11 - Thread #2: 6
2023-01-10 14:22:21 INFO  Task1:11 - Thread #1: 7
2023-01-10 14:22:22 INFO  Task2:11 - Thread #2: 7
2023-01-10 14:22:22 INFO  Task1:11 - Thread #1: 8
2023-01-10 14:23:09 INFO  CarLicense:14 - You can drive Bus and Minibus
2023-01-10 14:23:09 INFO  Vehicle:103 - Too slow!
2023-01-10 14:23:09 INFO  Truck:9 - Truck is slow!
2023-01-10 14:23:09 INFO  ExceptionForAge:12 - You can take license!
2023-01-10 14:23:09 INFO  ExceptionForAge:22 - This was costume exception!
2023-01-10 14:23:09 INFO  Main:67 - This is example with parameter bumshaklaka
2023-01-10 14:23:09 INFO  Main:70 - hello!
2023-01-10 14:23:09 INFO  Main:73 - this car is extremely fast
2023-01-10 14:23:09 INFO  Main:1511 - model:BMW year:2022
2023-01-10 14:23:09 INFO  Main:1511 - model:TOYOTA year:1990
2023-01-10 14:23:09 INFO  Main:1511 - model:JEEP year:1999
2023-01-10 14:23:09 INFO  Main:1511 - model:MERCEDES year:2012
2023-01-10 14:23:09 INFO  Main:1511 - model:NISSAN year:2021
2023-01-10 14:23:09 INFO  Main:1511 - model:BMW year:2022
2023-01-10 14:23:09 INFO  Main:1511 - model:NISSAN year:2021
2023-01-10 14:25:31 INFO  CarLicense:14 - You can drive Bus and Minibus
2023-01-10 14:25:31 INFO  Vehicle:103 - Too slow!
2023-01-10 14:25:31 INFO  Truck:9 - Truck is slow!
2023-01-10 14:25:31 INFO  ExceptionForAge:12 - You can take license!
2023-01-10 14:25:31 INFO  ExceptionForAge:22 - This was costume exception!
2023-01-10 14:25:31 INFO  Main:67 - This is example with parameter bumshaklaka
2023-01-10 14:25:31 INFO  Main:70 - hello!
2023-01-10 14:25:31 INFO  Main:73 - this car is SRT
2023-01-10 14:25:32 INFO  Main:1511 - model:BMW year:2022
2023-01-10 14:25:32 INFO  Main:1511 - model:TOYOTA year:1990
2023-01-10 14:25:32 INFO  Main:1511 - model:JEEP year:1999
2023-01-10 14:25:32 INFO  Main:1511 - model:MERCEDES year:2012
2023-01-10 14:25:32 INFO  Main:1511 - model:NISSAN year:2021
2023-01-10 14:25:32 INFO  Main:1511 - model:BMW year:2022
2023-01-10 14:25:32 INFO  Main:1511 - model:NISSAN year:2021
2023-01-10 14:28:33 INFO  CarLicense:14 - You can drive Bus and Minibus
2023-01-10 14:28:33 INFO  Vehicle:103 - Too slow!
2023-01-10 14:28:33 INFO  Truck:9 - Truck is slow!
2023-01-10 14:28:33 INFO  Vehicle:81 - Every vehicle can move!
2023-01-10 14:28:33 INFO  ExceptionForAge:12 - You can take license!
2023-01-10 14:28:33 INFO  ExceptionForAge:22 - This was costume exception!
2023-01-10 14:28:33 INFO  Main:69 - This is example with parameter bumshaklaka
2023-01-10 14:28:33 INFO  Main:72 - hello!
2023-01-10 14:28:33 INFO  Main:75 - this car is SRT
2023-01-10 14:28:33 INFO  Main:1511 - model:BMW year:2022
2023-01-10 14:28:33 INFO  Main:1511 - model:TOYOTA year:1990
2023-01-10 14:28:33 INFO  Main:1511 - model:JEEP year:1999
2023-01-10 14:28:33 INFO  Main:1511 - model:MERCEDES year:2012
2023-01-10 14:28:33 INFO  Main:1511 - model:NISSAN year:2021
2023-01-10 14:28:33 INFO  Main:1511 - model:BMW year:2022
2023-01-10 14:28:33 INFO  Main:1511 - model:NISSAN year:2021
2023-01-10 14:30:52 INFO  CarLicense:14 - You can drive Bus and Minibus
2023-01-10 14:30:52 INFO  Vehicle:103 - Too slow!
2023-01-10 14:37:49 INFO  CarLicense:14 - You can drive Bus and Minibus
2023-01-10 14:37:49 INFO  Vehicle:103 - Too slow!
2023-01-10 14:37:49 INFO  Truck:9 - Truck is slow!
2023-01-10 14:37:49 INFO  ExceptionForAge:12 - You can take license!
2023-01-10 14:37:49 INFO  ExceptionForAge:22 - This was costume exception!
2023-01-10 14:37:49 INFO  Main:56 - This is example with parameter bumshaklaka
2023-01-10 14:37:49 INFO  Main:59 - hello!
2023-01-10 14:37:49 INFO  Main:62 - this car is SRT
2023-01-10 14:37:49 INFO  Main:1511 - model:BMW year:2022
2023-01-10 14:37:49 INFO  Main:1511 - model:TOYOTA year:1990
2023-01-10 14:37:49 INFO  Main:1511 - model:JEEP year:1999
2023-01-10 14:37:49 INFO  Main:1511 - model:MERCEDES year:2012
2023-01-10 14:37:49 INFO  Main:1511 - model:NISSAN year:2021
2023-01-10 14:37:49 INFO  Main:1511 - model:BMW year:2022
2023-01-10 14:37:49 INFO  Main:1511 - model:NISSAN year:2021
2023-01-10 14:43:50 INFO  CarLicense:14 - You can drive Bus and Minibus
2023-01-10 14:43:50 INFO  Vehicle:103 - Too slow!
2023-01-10 14:43:50 INFO  Truck:9 - Truck is slow!
2023-01-10 14:43:50 INFO  ExceptionForAge:12 - You can take license!
2023-01-10 14:43:50 INFO  ExceptionForAge:22 - This was costume exception!
2023-01-10 14:43:50 INFO  Main:60 - This is example with parameter bumshaklaka
2023-01-10 14:43:50 INFO  Main:63 - hello!
2023-01-10 14:43:50 INFO  Main:66 - this car is SRT
2023-01-10 14:43:50 INFO  Main:1511 - model:BMW year:2022
2023-01-10 14:43:50 INFO  Main:1511 - model:TOYOTA year:1990
2023-01-10 14:43:50 INFO  Main:1511 - model:JEEP year:1999
2023-01-10 14:43:50 INFO  Main:1511 - model:MERCEDES year:2012
2023-01-10 14:43:50 INFO  Main:1511 - model:NISSAN year:2021
2023-01-10 14:43:50 INFO  Main:1511 - model:BMW year:2022
2023-01-10 14:43:50 INFO  Main:1511 - model:NISSAN year:2021
2023-01-10 14:44:23 INFO  CarLicense:14 - You can drive Bus and Minibus
2023-01-10 14:44:23 INFO  Vehicle:103 - Too slow!
2023-01-10 14:44:23 INFO  Truck:9 - Truck is slow!
2023-01-10 14:44:23 INFO  Main:49 - 23
2023-01-10 14:44:23 INFO  ExceptionForAge:12 - You can take license!
2023-01-10 14:44:23 INFO  ExceptionForAge:22 - This was costume exception!
2023-01-10 14:44:23 INFO  Main:59 - This is example with parameter bumshaklaka
2023-01-10 14:44:23 INFO  Main:62 - hello!
2023-01-10 14:44:23 INFO  Main:65 - this car is SRT
2023-01-10 14:44:23 INFO  Main:1511 - model:BMW year:2022
2023-01-10 14:44:23 INFO  Main:1511 - model:TOYOTA year:1990
2023-01-10 14:44:23 INFO  Main:1511 - model:JEEP year:1999
2023-01-10 14:44:23 INFO  Main:1511 - model:MERCEDES year:2012
2023-01-10 14:44:23 INFO  Main:1511 - model:NISSAN year:2021
2023-01-10 14:44:23 INFO  Main:1511 - model:BMW year:2022
2023-01-10 14:44:23 INFO  Main:1511 - model:NISSAN year:2021
2023-01-10 14:46:13 INFO  CarLicense:14 - You can drive Bus and Minibus
2023-01-10 14:46:13 INFO  Vehicle:103 - Too slow!
2023-01-10 14:46:13 INFO  Truck:9 - Truck is slow!
2023-01-10 14:46:13 INFO  Main:53 - Mercedes
2023-01-10 14:46:13 INFO  ExceptionForAge:12 - You can take license!
2023-01-10 14:46:13 INFO  ExceptionForAge:22 - This was costume exception!
2023-01-10 14:46:13 INFO  Main:63 - This is example with parameter bumshaklaka
2023-01-10 14:46:13 INFO  Main:66 - hello!
2023-01-10 14:46:13 INFO  Main:69 - this car is SRT
2023-01-10 14:46:13 INFO  Main:1511 - model:BMW year:2022
2023-01-10 14:46:13 INFO  Main:1511 - model:TOYOTA year:1990
2023-01-10 14:46:13 INFO  Main:1511 - model:JEEP year:1999
2023-01-10 14:46:13 INFO  Main:1511 - model:MERCEDES year:2012
2023-01-10 14:46:13 INFO  Main:1511 - model:NISSAN year:2021
2023-01-10 14:46:13 INFO  Main:1511 - model:BMW year:2022
2023-01-10 14:46:13 INFO  Main:1511 - model:NISSAN year:2021
